<?xml version="1.0" encoding="UTF-8"?>
<testng-results skipped="0" failed="0" ignored="0" total="5" passed="5">
  <reporter-output>
  </reporter-output>
  <suite name="Suite" duration-ms="4014" started-at="2020-08-13T23:21:30Z" finished-at="2020-08-13T23:21:34Z">
    <groups>
    </groups>
    <test name="Test" duration-ms="4014" started-at="2020-08-13T23:21:30Z" finished-at="2020-08-13T23:21:34Z">
      <class name="org.testing.TestScripts.PostRequestTC">
        <test-method status="PASS" signature="tc1()[pri:0, instance:org.testing.TestScripts.PostRequestTC@5315b42e]" name="tc1" duration-ms="584" started-at="2020-08-14T04:51:34Z" finished-at="2020-08-14T04:51:34Z">
          <reporter-output>
          </reporter-output>
        </test-method> <!-- tc1 -->
      </class> <!-- org.testing.TestScripts.PostRequestTC -->
      <class name="org.testing.TestScripts.GetRequestWithQueryParameters">
        <test-method status="PASS" signature="tc3()[pri:0, instance:org.testing.TestScripts.GetRequestWithQueryParameters@62043840]" name="tc3" duration-ms="56" started-at="2020-08-14T04:51:34Z" finished-at="2020-08-14T04:51:34Z">
          <reporter-output>
          </reporter-output>
        </test-method> <!-- tc3 -->
      </class> <!-- org.testing.TestScripts.GetRequestWithQueryParameters -->
      <class name="org.testing.TestScripts.DeleteRequestTC">
        <test-method status="PASS" signature="tc5()[pri:0, instance:org.testing.TestScripts.DeleteRequestTC@2c6a3f77]" name="tc5" duration-ms="60" started-at="2020-08-14T04:51:34Z" finished-at="2020-08-14T04:51:34Z">
          <reporter-output>
          </reporter-output>
        </test-method> <!-- tc5 -->
      </class> <!-- org.testing.TestScripts.DeleteRequestTC -->
      <class name="org.testing.TestScripts.PutRequestTC">
        <test-method status="PASS" signature="tc4()[pri:0, instance:org.testing.TestScripts.PutRequestTC@246ae04d]" name="tc4" duration-ms="35" started-at="2020-08-14T04:51:34Z" finished-at="2020-08-14T04:51:34Z">
          <reporter-output>
          </reporter-output>
        </test-method> <!-- tc4 -->
      </class> <!-- org.testing.TestScripts.PutRequestTC -->
      <class name="org.testing.TestScripts.GetRequestTC">
        <test-method status="PASS" signature="tc2()[pri:0, instance:org.testing.TestScripts.GetRequestTC@735f7ae5]" name="tc2" duration-ms="3240" started-at="2020-08-14T04:51:30Z" finished-at="2020-08-14T04:51:34Z">
          <reporter-output>
          </reporter-output>
        </test-method> <!-- tc2 -->
      </class> <!-- org.testing.TestScripts.GetRequestTC -->
    </test> <!-- Test -->
  </suite> <!-- Suite -->
</testng-results>
