<?xml version="1.0" encoding="UTF-8"?>
<!-- Generated by org.testng.reporters.JUnitXMLReporter -->
<testsuite hostname="DESKTOP-FVDGD53" ignored="0" name="Test" tests="5" failures="0" timestamp="13 Aug 2020 23:20:41 GMT" time="1.711" errors="0">
  <testcase name="tc2" time="1.263" classname="org.testing.TestScripts.GetRequestTC"/>
  <testcase name="tc5" time="0.022" classname="org.testing.TestScripts.DeleteRequestTC"/>
  <testcase name="tc4" time="0.024" classname="org.testing.TestScripts.PutRequestTC"/>
  <testcase name="tc3" time="0.027" classname="org.testing.TestScripts.GetRequestWithQueryParameters"/>
  <testcase name="tc1" time="0.355" classname="org.testing.TestScripts.PostRequestTC"/>
</testsuite> <!-- Test -->
