<?xml version="1.0" encoding="UTF-8"?>
<testng-results skipped="0" failed="0" ignored="0" total="5" passed="5">
  <reporter-output>
  </reporter-output>
  <suite name="Suite" duration-ms="1711" started-at="2020-08-13T23:20:40Z" finished-at="2020-08-13T23:20:41Z">
    <groups>
    </groups>
    <test name="Test" duration-ms="1711" started-at="2020-08-13T23:20:40Z" finished-at="2020-08-13T23:20:41Z">
      <class name="org.testing.TestScripts.PostRequestTC">
        <test-method status="PASS" signature="tc1()[pri:0, instance:org.testing.TestScripts.PostRequestTC@6767c1fc]" name="tc1" duration-ms="355" started-at="2020-08-14T04:50:41Z" finished-at="2020-08-14T04:50:41Z">
          <reporter-output>
          </reporter-output>
        </test-method> <!-- tc1 -->
      </class> <!-- org.testing.TestScripts.PostRequestTC -->
      <class name="org.testing.TestScripts.GetRequestWithQueryParameters">
        <test-method status="PASS" signature="tc3()[pri:0, instance:org.testing.TestScripts.GetRequestWithQueryParameters@4678c730]" name="tc3" duration-ms="27" started-at="2020-08-14T04:50:41Z" finished-at="2020-08-14T04:50:41Z">
          <reporter-output>
          </reporter-output>
        </test-method> <!-- tc3 -->
      </class> <!-- org.testing.TestScripts.GetRequestWithQueryParameters -->
      <class name="org.testing.TestScripts.DeleteRequestTC">
        <test-method status="PASS" signature="tc5()[pri:0, instance:org.testing.TestScripts.DeleteRequestTC@39aeed2f]" name="tc5" duration-ms="22" started-at="2020-08-14T04:50:41Z" finished-at="2020-08-14T04:50:41Z">
          <reporter-output>
          </reporter-output>
        </test-method> <!-- tc5 -->
      </class> <!-- org.testing.TestScripts.DeleteRequestTC -->
      <class name="org.testing.TestScripts.PutRequestTC">
        <test-method status="PASS" signature="tc4()[pri:0, instance:org.testing.TestScripts.PutRequestTC@724af044]" name="tc4" duration-ms="24" started-at="2020-08-14T04:50:41Z" finished-at="2020-08-14T04:50:41Z">
          <reporter-output>
          </reporter-output>
        </test-method> <!-- tc4 -->
      </class> <!-- org.testing.TestScripts.PutRequestTC -->
      <class name="org.testing.TestScripts.GetRequestTC">
        <test-method status="PASS" signature="tc2()[pri:0, instance:org.testing.TestScripts.GetRequestTC@4cc0edeb]" name="tc2" duration-ms="1263" started-at="2020-08-14T04:50:40Z" finished-at="2020-08-14T04:50:41Z">
          <reporter-output>
          </reporter-output>
        </test-method> <!-- tc2 -->
      </class> <!-- org.testing.TestScripts.GetRequestTC -->
    </test> <!-- Test -->
  </suite> <!-- Suite -->
</testng-results>
