<?xml version="1.0" encoding="UTF-8"?>
<!-- Generated by org.testng.reporters.JUnitXMLReporter -->
<testsuite hostname="DESKTOP-FVDGD53" ignored="0" name="Test" tests="5" failures="0" timestamp="13 Aug 2020 23:21:34 GMT" time="4.014" errors="0">
  <testcase name="tc2" time="3.24" classname="org.testing.TestScripts.GetRequestTC"/>
  <testcase name="tc5" time="0.06" classname="org.testing.TestScripts.DeleteRequestTC"/>
  <testcase name="tc4" time="0.035" classname="org.testing.TestScripts.PutRequestTC"/>
  <testcase name="tc3" time="0.056" classname="org.testing.TestScripts.GetRequestWithQueryParameters"/>
  <testcase name="tc1" time="0.584" classname="org.testing.TestScripts.PostRequestTC"/>
</testsuite> <!-- Test -->
